2025-09-29 03:25:57,413 - INFO - Starting Pump.fun API example: Search Coins
2025-09-29 03:25:57,413 - INFO - Searching for 'btc' (limit: 5, type: fuzzy)
2025-09-29 03:25:57,901 - ERROR - Unexpected API response format: <class 'list'>
2025-09-29 03:25:57,903 - INFO - Search completed successfully
2025-09-29 03:26:06,945 - INFO - Starting Pump.fun API example: Search Coins
2025-09-29 03:26:06,945 - INFO - Searching for 'eth' (limit: 10, type: fuzzy)
2025-09-29 03:26:07,652 - ERROR - Unexpected API response format: <class 'list'>
2025-09-29 03:26:07,655 - INFO - Search completed successfully
2025-09-29 03:26:15,901 - INFO - Starting Pump.fun API example: Search Coins
2025-09-29 03:26:15,901 - INFO - Searching for 'bitcoin' (limit: 5, type: exact)
2025-09-29 03:26:17,994 - ERROR - Unexpected API response format: <class 'list'>
2025-09-29 03:26:17,995 - INFO - Search completed successfully
2025-09-29 03:26:25,094 - INFO - Starting Pump.fun API example: Search Coins
2025-09-29 03:26:25,094 - DEBUG - Debug logging enabled
2025-09-29 03:26:25,094 - INFO - Searching for 'sol' (limit: 5, type: fuzzy)
2025-09-29 03:26:25,102 - DEBUG - Starting new HTTPS connection (1): frontend-api-v3.pump.fun:443
2025-09-29 03:26:25,732 - DEBUG - https://frontend-api-v3.pump.fun:443 "GET /coins/search?searchTerm=sol&limit=5&offset=0&sort=market_cap&order=DESC&includeNsfw=false&type=fuzzy HTTP/1.1" 200 None
2025-09-29 03:26:25,734 - DEBUG - Raw API response: [
  {
    "mint": "7d5uLATMiAoRC1n9yNc7VCrhx44H6bjEzDx7Gxuhpump",
    "name": "Official Strategic Solana Res",
    "symbol": "SSR",
    "description": "The official meme of the Strategic Solana Reserve.  In the wake of the groundbreaking Solana Meme: $TRUMP, it is clear that a Solana Strategic Reserve is inevitable.  At the SSR, we welcome and celebrate the Solana community. Over time we will build a Solana treasury to reward the community, democratizing Solana further.",
    "image_uri": "https://ipfs.io/ipfs/QmZjwmpGHcfvtwuKfHxr9isqrx7RqivkZJ14J9X6SoK8Eo",
    "metadata_uri": "https://ipfs.io/ipfs/QmRiYrtMMjYah82kAhx41FFZfyQ9HqDhF5PJkmh8xEvBRC",
    "twitter": null,
    "telegram": null,
    "bonding_curve": "HQxdMhDWhS8GE8YsFX6v2usxGZqkFTZD9SKXmFpXyy4A",
    "associated_bonding_curve": "82Znh3cnMpJ2GSSEp7J4AhCkwoTt3z7fjYsWNqdjs3dT",
    "creator": "PSpQGPvw7tZedKJvN21dJkh3vdDQeXkwA5n9DKBRZw5",
    "created_timestamp": 1737279060793,
    "raydium_pool": "7Hk7MSB6oeT1ww7brufQjBZ5KDpo62YK4sJqtgQdt77p",
    "complete": true,
    "virtual_sol_reserves": 115005359360,
    "virtual_token_reserves": 279900000000000,
    "total_supply": 1000000000000000,
    "website": null,
    "show_name": true,
    "king_of_the_hill_timestamp": 1737279112000,
    "market_cap": 28410,
    "reply_count": 57,
    "last_reply": 1758517253000,
    "nsfw": false,
    "market_id": "27LZ9iNHkR8beGnhgVvqeGCkrhTckUmnobuEnthUzJH9",
    "banner_uri": null,
    "video_uri": null,
    "is_banned": false,
    "program": "pump",
    "usd_market_cap": 5849334.899999999,
    "is_currently_live": false
  },
  {
    "mint": "8gHPxqgHj6JQ2sQtMSghQYVN5qRP8wm5T6HNejuwpump",
    "name": "RefundYourSOL",
    "symbol": "RYS",
    "description": "The most advanced fee refund and token-burning platform on Solana. Refund your SOL fees with us. \ud83d\udcb8 Additional benefits for holders: - 50% of all revenue is distributed among top holders (holding 100,000+ tokens) - 50% bonus on all eligible fee refunds Start saving more with every trade, and gain extra rewards by holding!",
    "image_uri": "https://ipfs.io/ipfs/bafkreiacevdu7jdbn5d5a2du52x6bnkfw6anuh672727wuy63k77bcghhi",
    "metadata_uri": "https://ipfs.io/ipfs/bafkreiaw7ep35grkrdep6nopfar747tzusvscf7jhn52fseg7m35onnm3y",
    "twitter": "https://x.com/refundyoursol",
    "telegram": "https://t.me/refundyoursol",
    "bonding_curve": "FnAryfWN2cTQygR5Q74BnFzA4ha6DNjPkUaXDMyjTpqx",
    "associated_bonding_curve": "3Dw5kNUfdM9UjxGWjGpttVDndZwZBSvPkhgKCfJAFaA5",
    "creator": "4NzYfGK2ZFvHx9NNg5H9RbgfDor8yqpEBbTuQcwhD75z",
    "created_timestamp": 1750858386287,
    "raydium_pool": null,
    "complete": true,
    "virtual_sol_reserves": 115005359742,
    "virtual_token_reserves": 279900000000000,
    "total_supply": 1000000000000000,
    "website": "https://refundyoursol.com/pf",
    "show_name": true,
    "king_of_the_hill_timestamp": 1750858775000,
    "market_cap": 8019.296887180269,
    "reply_count": 533,
    "last_reply": 1758003823000,
    "nsfw": false,
    "market_id": null,
    "banner_uri": null,
    "video_uri": null,
    "is_banned": false,
    "program": "pump",
    "usd_market_cap": 1651093.0361015454,
    "is_currently_live": false
  },
  {
    "mint": "C8cNX2D1y3jqKpMFkQhP1gGbfvTEdeckZXLBKSN5z5KF",
    "name": "SolMail",
    "symbol": "Mail",
    "description": "SolMail is a groundbreaking communication protocol that enables users to send and receive mail using only a wallet address.",
    "image_uri": "https://cf-ipfs.com/ipfs/QmcAtxKADTdcZvZxZj3Gkc5YR4Ket1TDodrwzhHt49u3Bn",
    "metadata_uri": "https://cf-ipfs.com/ipfs/QmRuN1xdfkfpTWAbwqbnoWdC1fYwoPjTvmyGQ1SmaRCyAU",
    "twitter": "https://twitter.com/SolMailOfficial",
    "telegram": null,
    "bonding_curve": "F54GdkAKnHsD1eLi85RicLUAHthCTPs6bqyVe4wBhFXw",
    "associated_bonding_curve": "D87c2ecFPfx8SZtexBKYMezGfU9RmuVMCCYa13972P4k",
    "creator": "29QMcpcgoaQ3myZeg7UYu282fM9hCzBbf2Havb4UrSrJ",
    "created_timestamp": 1710812440294,
    "raydium_pool": "9DYGj7g2b5fipk9wGsUhxdv5zpfTsoGzCiS29vH8Cfrs",
    "complete": true,
    "virtual_sol_reserves": 0,
    "virtual_token_reserves": 0,
    "total_supply": 1000000000000000,
    "website": "https://solmail.so/",
    "show_name": true,
    "king_of_the_hill_timestamp": 1710813071211,
    "market_cap": 7390,
    "reply_count": 131,
    "last_reply": 1735051652883,
    "nsfw": false,
    "market_id": "9gb8GR9D7res4RLRh3HANTnnshJjzyXPccLkCCrYDKtN",
    "banner_uri": null,
    "video_uri": null,
    "is_banned": false,
    "program": "pump",
    "usd_market_cap": 1521527.0999999999,
    "is_currently_live": false
  },
  {
    "mint": "72Sp7QibTt8vWoHzvJQ6QA1Pp6UuNjCtRDBdioVSpump",
    "name": "Solify100",
    "symbol": "S100",
    "description": "This isn't your average meme coin. It's a unique blend of fun, technology, and community. With a swarm of AI agents supporting traders at every step, and a reward system that grows with your commitment, it's time to experience a new kind of meme coin\u2014one that's built for success.",
    "image_uri": "https://ipfs.io/ipfs/bafybeihnrafpv5irl5f3h5ildxfyleeky5yl7h6ln4uy6zar4oqk4ebvla",
    "metadata_uri": "https://ipfs.io/ipfs/bafkreicxi5itzhhodic2fpgpfimttmsnlnd6g2ukzpxe27odsa6ar7qswq",
    "twitter": "http://x.com/Solify100",
    "telegram": "https://t.me/Solify100",
    "bonding_curve": "EnmxYRymFwFo2niQ2VDsSXoMxMxdA8dSVSUVHC7UNUgN",
    "associated_bonding_curve": "5uzkrkDNeH4o5K8SxLhSZ9z3iRvkpdr5vZPoBfJ4ZWJv",
    "creator": "HwLorX3mezcp5d8R2N287eF2DvZTj5NPWSXh6wnXWJkP",
    "created_timestamp": 1749679061902,
    "raydium_pool": null,
    "complete": true,
    "virtual_sol_reserves": 115005359062,
    "virtual_token_reserves": 279900000000000,
    "total_supply": 1000000000000000,
    "website": "https://theraagent-crypto-haven.lovable.app/",
    "show_name": true,
    "king_of_the_hill_timestamp": 1749679060000,
    "market_cap": 3781.557928435496,
    "reply_count": 5,
    "last_reply": 1753226118000,
    "nsfw": false,
    "market_id": null,
    "banner_uri": null,
    "video_uri": null,
    "is_banned": false,
    "program": "pump",
    "usd_market_cap": 778584.9618855842,
    "is_currently_live": false
  },
  {
    "mint": "EMg2QkFZ6pLvgckVGj8X6nmyrkiuoamYnTdoxXN8pump",
    "name": "QPAY SOL",
    "symbol": "QPAY",
    "description": "Qpay is a Web3 social finance protocol that enables borderless payments on social media using hashtags. With Qpay, users can send and receive crypto instantly; making payments as simple as a tweet/post.",
    "image_uri": "https://ipfs.io/ipfs/bafkreifhqb5kxi3xd27x6ekxmxi53jg72kniifclyjj2763zkv7xbry5eu",
    "metadata_uri": "https://ipfs.io/ipfs/bafkreidods5i3tqzwplhehzprqzbm4abhnt3wnhsjcufbxf4tnjegthxty",
    "twitter": "https://www.x.com/qpayglobal",
    "telegram": "https://t.me/OfficialQPAY",
    "bonding_curve": "4NKFHPMgX6aihh8gPak6HWCLJsnfRe9Ra4VTjT9GRoC9",
    "associated_bonding_curve": "7o3FV6Whq4ufCpqk8fZqJVTEZvf1mbgKF7gDS2o7Goe3",
    "creator": "5yAGFk8LUQVfVga6WTa9H12BVA4y3LKE8RHim2dFGwqT",
    "created_timestamp": 1758575050648,
    "raydium_pool": null,
    "complete": true,
    "virtual_sol_reserves": 115005359240,
    "virtual_token_reserves": 279900000000000,
    "total_supply": 1000000000000000,
    "website": "https://www.qpay.finance",
    "show_name": true,
    "king_of_the_hill_timestamp": 1758575179000,
    "market_cap": 3553.1178146220464,
    "reply_count": 187,
    "last_reply": 1759064540000,
    "nsfw": false,
    "market_id": null,
    "banner_uri": null,
    "video_uri": null,
    "is_banned": false,
    "program": "pump",
    "usd_market_cap": 731551.4268525331,
    "is_currently_live": false
  }
]
2025-09-29 03:26:25,735 - ERROR - Unexpected API response format: <class 'list'>
2025-09-29 03:26:25,736 - INFO - Search completed successfully
